Copyright 1986-2018 Xilinx, Inc. All Rights Reserved.
------------------------------------------------------------------------------------
| Tool Version : Vivado v.2018.3 (win64) Build 2405991 Thu Dec  6 23:38:27 MST 2018
| Date         : Fri Feb 11 14:14:35 2022
| Host         : DESKTOP-A6N5RC6 running 64-bit major release  (build 9200)
| Command      : upgrade_ip
| Device       : xc7a35tcsg324-1
------------------------------------------------------------------------------------

Upgrade Log for IP 'clk_wiz_0'

1. Summary
----------

SUCCESS in the conversion of clk_wiz_0 (xilinx.com:ip:clk_wiz:6.0 (Rev. 2)) to Vivado generation flows.






Copyright 1986-2018 Xilinx, Inc. All Rights Reserved.
------------------------------------------------------------------------------------
| Tool Version : Vivado v.2018.3 (win64) Build 2405991 Thu Dec  6 23:38:27 MST 2018
| Date         : Fri Feb 11 14:08:39 2022
| Host         : DESKTOP-A6N5RC6 running 64-bit major release  (build 9200)
| Command      : upgrade_ip
| Device       : xc7a35ticsg324-1L
------------------------------------------------------------------------------------

Upgrade Log for IP 'clk_wiz_0'

1. Summary
----------

SUCCESS in the upgrade of clk_wiz_0 (xilinx.com:ip:clk_wiz:6.0) from (Rev. 1) to (Rev. 2)

