#-----------------------------------------------------------
# Vivado v2018.3 (64-bit)
# SW Build 2405991 on Thu Dec  6 23:38:27 MST 2018
# IP Build 2404404 on Fri Dec  7 01:43:56 MST 2018
# Start of session at: Wed Dec  1 13:26:54 2021
# Process ID: 26240
# Current directory: C:/Users/giaco/Documents/Uni/PoD/MaPD/MAPD_modA/11_state_machines
# Command line: vivado.exe -gui_launcher_event rodinguilauncherevent22404 C:\Users\giaco\Documents\Uni\PoD\MaPD\MAPD_modA\11_state_machines\11_state_machines.xpr
# Log file: C:/Users/giaco/Documents/Uni/PoD/MaPD/MAPD_modA/11_state_machines/vivado.log
# Journal file: C:/Users/giaco/Documents/Uni/PoD/MaPD/MAPD_modA/11_state_machines\vivado.jou
#-----------------------------------------------------------
start_gui
open_project C:/Users/giaco/Documents/Uni/PoD/MaPD/MAPD_modA/11_state_machines/11_state_machines.xpr
Scanning sources...
Finished scanning sources
INFO: [IP_Flow 19-234] Refreshing IP repositories
INFO: [IP_Flow 19-1704] No user IP repositories specified
INFO: [IP_Flow 19-2313] Loaded Vivado IP repository 'C:/Xilinx/Vivado/2018.3/data/ip'.
open_project: Time (s): cpu = 00:00:14 ; elapsed = 00:00:05 . Memory (MB): peak = 734.660 ; gain = 107.059
update_compile_order -fileset sources_1
exit
INFO: [Common 17-206] Exiting Vivado at Wed Dec  1 13:27:15 2021...
